{
  "RSpec": {
    "coverage": {
      "/Users/kamal.rizk/Code/Personal/flower_shop/lib/boot.rb": [
        1,
        3,
        null,
        null,
        1,
        1,
        1,
        1,
        1,
        1
      ],
      "/Users/kamal.rizk/Code/Personal/flower_shop/app/bundle.rb": [
        1,
        1,
        null,
        1,
        31,
        29,
        29,
        null,
        null,
        1,
        null,
        1,
        31,
        null,
        null,
        1,
        1,
        19,
        19,
        51,
        null,
        19,
        null,
        null,
        null
      ],
      "/Users/kamal.rizk/Code/Personal/flower_shop/app/flower.rb": [
        1,
        1,
        null,
        1,
        13,
        13,
        13,
        null,
        null,
        1,
        19,
        null,
        null
      ],
      "/Users/kamal.rizk/Code/Personal/flower_shop/app/catalogue.rb": [
        1,
        1,
        5,
        16,
        null,
        null,
        1,
        7,
        null,
        null,
        1,
        null,
        1,
        11,
        null,
        null,
        null,
        null,
        null,
        null,
        1,
        39,
        null,
        null,
        1,
        28,
        null,
        null,
        null,
        null,
        null
      ],
      "/Users/kamal.rizk/Code/Personal/flower_shop/app/bundle_picker.rb": [
        1,
        null,
        null,
        null,
        1,
        null,
        null,
        15,
        null,
        null,
        1,
        15,
        null,
        14,
        null,
        14,
        null,
        12,
        null,
        null,
        1,
        null,
        1,
        null,
        null,
        156,
        null,
        29,
        29,
        null,
        null,
        null,
        127,
        null,
        106,
        166,
        null,
        null,
        142,
        null,
        null,
        null,
        null,
        null,
        1,
        142,
        142,
        142,
        null,
        null,
        1,
        null,
        405,
        null,
        null,
        1,
        null,
        29,
        null,
        null,
        1,
        41,
        null,
        null
      ],
      "/Users/kamal.rizk/Code/Personal/flower_shop/app/order.rb": [
        1,
        1,
        6,
        null,
        null,
        1,
        9,
        9,
        8,
        null,
        null,
        1,
        4,
        null,
        null,
        1,
        null,
        1,
        null,
        null,
        null,
        null,
        null,
        8,
        null,
        null,
        1,
        8,
        14,
        null,
        null,
        null,
        1,
        8,
        null,
        null,
        null,
        null,
        14,
        null,
        null,
        null
      ],
      "/Users/kamal.rizk/Code/Personal/flower_shop/app/flower_shop.rb": [
        1,
        1,
        3,
        null,
        null,
        1,
        3,
        null,
        3,
        7,
        7,
        6,
        null,
        null,
        2,
        null,
        null
      ]
    },
    "timestamp": 1498983605
  }
}
